<?xml version="1.0" encoding="UTF-8"?>
<!-- Generated by org.testng.reporters.JUnitReportReporter -->
<testsuite hostname="MCSW69SLPC0030" failures="0" tests="1" name="testScripts.MontoCarlo_AddToCartOldNew9" time="40.823" errors="0" timestamp="2025-02-04T17:15:43 IST" skipped="0">
  <testcase classname="testScripts.MontoCarlo_AddToCartOldNew9" name="testCase9" time="40.823"/>
  <system-out/>
</testsuite> <!-- testScripts.MontoCarlo_AddToCartOldNew9 -->
