<?xml version="1.0" encoding="UTF-8"?>
<!-- Generated by org.testng.reporters.JUnitReportReporter -->
<testsuite hostname="MCSW69SLPC0030" failures="0" tests="1" name="testScripts.AddNewAddress" time="187.579" errors="0" timestamp="2025-02-04T09:17:27 IST" skipped="0">
  <testcase classname="testScripts.AddNewAddress" name="testCase6" time="187.579"/>
  <system-out/>
</testsuite> <!-- testScripts.AddNewAddress -->
