<?xml version="1.0" encoding="UTF-8"?>
<!-- Generated by org.testng.reporters.JUnitReportReporter -->
<testsuite hostname="MCSW69SLPC0030" failures="0" tests="1" name="testScripts.AddProductCartInitiateCheckout" time="34.224" errors="0" timestamp="2025-02-04T00:05:14 IST" skipped="0">
  <testcase classname="testScripts.AddProductCartInitiateCheckout" name="testCase4" time="34.224"/>
  <system-out/>
</testsuite> <!-- testScripts.AddProductCartInitiateCheckout -->
