<?xml version="1.0" encoding="UTF-8"?>
<!-- Generated by org.testng.reporters.JUnitReportReporter -->
<testsuite hostname="MCSW69SLPC0030" failures="0" tests="1" name="testScripts.DeleteAddressFromAccount" time="146.466" errors="0" timestamp="2025-01-31T13:14:03 IST" skipped="0">
  <testcase classname="testScripts.DeleteAddressFromAccount" name="testCase7" time="146.466"/>
  <system-out/>
</testsuite> <!-- testScripts.DeleteAddressFromAccount -->
