<?xml version="1.0" encoding="UTF-8"?>
<!-- Generated by org.testng.reporters.JUnitReportReporter -->
<testsuite hostname="MCSW69SLPC0030" failures="0" tests="1" name="testScripts.DeleteAddressFromAccount" time="23.699" errors="0" timestamp="2025-02-04T00:05:15 IST" skipped="0">
  <testcase classname="testScripts.DeleteAddressFromAccount" name="testCase7" time="23.699"/>
  <system-out/>
</testsuite> <!-- testScripts.DeleteAddressFromAccount -->
