<?xml version="1.0" encoding="UTF-8"?>
<!-- Generated by org.testng.reporters.JUnitReportReporter -->
<testsuite hostname="MCSW69SLPC0030" failures="0" tests="1" name="testScripts.AddElementHandlePopUp" time="175.906" errors="0" timestamp="2025-01-31T16:46:34 IST" skipped="0">
  <testcase classname="testScripts.AddElementHandlePopUp" name="testCase8" time="175.906"/>
  <system-out/>
</testsuite> <!-- testScripts.AddElementHandlePopUp -->
