<?xml version="1.0" encoding="UTF-8"?>
<!-- Generated by org.testng.reporters.JUnitReportReporter -->
<testsuite hostname="MCSW69SLPC0030" failures="0" tests="1" name="testScripts.AddElementHandlePopUp" time="25.167" errors="0" timestamp="2025-02-04T17:15:43 IST" skipped="0">
  <testcase classname="testScripts.AddElementHandlePopUp" name="testCase8" time="25.167"/>
  <system-out/>
</testsuite> <!-- testScripts.AddElementHandlePopUp -->
