<?xml version="1.0" encoding="UTF-8"?>
<!-- Generated by org.testng.reporters.JUnitReportReporter -->
<testsuite hostname="MCSW69SLPC0030" failures="0" tests="1" name="testScripts.AddItemToWishListBySearchBox2" time="25.617" errors="0" timestamp="2025-01-30T22:54:04 IST" skipped="0">
  <testcase classname="testScripts.AddItemToWishListBySearchBox2" name="testCase2" time="25.617"/>
  <system-out/>
</testsuite> <!-- testScripts.AddItemToWishListBySearchBox2 -->
