<?xml version="1.0" encoding="UTF-8"?>
<!-- Generated by org.testng.reporters.JUnitReportReporter -->
<testsuite hostname="MCSW69SLPC0030" failures="0" tests="1" name="testScripts.AddProductCartInitiateCheckout" time="153.032" errors="0" timestamp="2025-01-31T14:29:33 IST" skipped="0">
  <testcase classname="testScripts.AddProductCartInitiateCheckout" name="testCase4" time="153.032"/>
  <system-out/>
</testsuite> <!-- testScripts.AddProductCartInitiateCheckout -->
